<?xml version="1.0" encoding="UTF-8"?>
<!-- Generated by org.testng.reporters.JUnitReportReporter -->
<testsuite hostname="RakshuPavi" failures="0" tests="1" name="Generic_package.generic_class" time="0.005" errors="0" timestamp="2024-03-05T10:52:53 IST" skipped="0">
  <testcase classname="Generic_package.generic_class" name="openApps" time="0.005"/>
  <system-out/>
</testsuite> <!-- Generic_package.generic_class -->
