<?xml version="1.0" encoding="UTF-8"?>
<!-- Generated by org.testng.reporters.JUnitReportReporter -->
<testsuite hostname="RakshuPavi" failures="0" tests="3" name="Data_provider_testng.runner1" time="0.009" errors="0" timestamp="2024-03-05T10:34:10 IST" skipped="0">
  <testcase classname="Data_provider_testng.runner1" name="loginTest" time="0.005"/>
  <system-out/>
  <testcase classname="Data_provider_testng.runner1" name="loginTest" time="0.002"/>
  <system-out/>
  <testcase classname="Data_provider_testng.runner1" name="loginTest" time="0.002"/>
  <system-out/>
</testsuite> <!-- Data_provider_testng.runner1 -->
