<?xml version="1.0" encoding="UTF-8"?>
<!-- Generated by org.testng.reporters.JUnitReportReporter -->
<testsuite hostname="RakshuPavi" failures="0" tests="1" name="Groups_testng.Group1" time="0.006" errors="0" timestamp="2024-03-05T10:25:20 IST" skipped="0">
  <testcase classname="Groups_testng.Group1" name="test1" time="0.006"/>
  <system-out/>
</testsuite> <!-- Groups_testng.Group1 -->
