<?xml version="1.0" encoding="UTF-8"?>
<!-- Generated by org.testng.reporters.JUnitReportReporter -->
<testsuite hostname="RakshuPavi" failures="0" tests="1" name="property_files.property_files1" time="0.008" errors="0" timestamp="2024-03-04T10:50:31 IST" skipped="0">
  <testcase classname="property_files.property_files1" name="fetch" time="0.008"/>
  <system-out/>
</testsuite> <!-- property_files.property_files1 -->
