<?xml version="1.0" encoding="UTF-8"?>
<!-- Generated by org.testng.reporters.JUnitReportReporter -->
<testsuite hostname="RakshuPavi" failures="0" tests="2" name="runner_script.runner_script1" time="27.500" errors="0" timestamp="2024-03-06T11:08:08 IST" skipped="0">
  <testcase classname="runner_script.runner_script1" name="login" time="15.126"/>
  <system-out/>
  <testcase classname="runner_script.runner_script1" name="login" time="12.374"/>
  <system-out/>
</testsuite> <!-- runner_script.runner_script1 -->
