<?xml version="1.0" encoding="UTF-8"?>
<!-- Generated by org.testng.reporters.JUnitReportReporter -->
<testsuite hostname="RakshuPavi" failures="0" tests="3" name="Listeners.runner_class1" time="0.012" errors="0" timestamp="2024-03-04T11:13:03 IST" skipped="0">
  <testcase classname="Listeners.runner_class1" name="Compose" time="0.003"/>
  <system-out/>
  <testcase classname="Listeners.runner_class1" name="sent_Items" time="0.008"/>
  <system-out/>
  <testcase classname="Listeners.runner_class1" name="trash" time="0.001"/>
  <system-out/>
</testsuite> <!-- Listeners.runner_class1 -->
